[01:06:52] [main/INFO] (FabricLoader/GameProvider) Loading Minecraft 1.20.4 with Fabric Loader 0.15.10
[01:06:53] [main/INFO] (FabricLoader) Loading 68 mods:
	- architectury 11.1.17
	- cloth-basic-math 0.6.1
	- cloth-config 13.0.121
	- controlling 15.0.3
	- cultivation_mastery 0.1-1.20.4
	- error_notifier 1.0.9
	- fabric-api 0.97.0+1.20.4
	- fabric-api-base 0.4.37+78d798af4f
	- fabric-api-lookup-api-v1 1.6.50+82b1bb3e4f
	- fabric-biome-api-v1 13.0.17+78d798af4f
	- fabric-block-api-v1 1.0.17+3e2216cb4f
	- fabric-block-view-api-v2 1.0.5+78d798af4f
	- fabric-blockrenderlayer-v1 1.1.47+78d798af4f
	- fabric-client-tags-api-v1 1.1.8+78d798af4f
	- fabric-command-api-v1 1.2.42+f71b366f4f
	- fabric-command-api-v2 2.2.21+78d798af4f
	- fabric-commands-v0 0.2.59+df3654b34f
	- fabric-containers-v0 0.1.87+df3654b34f
	- fabric-content-registries-v0 5.0.16+78d798af4f
	- fabric-convention-tags-v1 1.5.11+78d798af4f
	- fabric-crash-report-info-v1 0.2.24+78d798af4f
	- fabric-data-attachment-api-v1 1.1.5+b90db5744f
	- fabric-data-generation-api-v1 13.2.5+5c0133444f
	- fabric-dimensions-v1 2.1.62+78d798af4f
	- fabric-entity-events-v1 1.6.2+09fc25014f
	- fabric-events-interaction-v0 0.7.2+389931eb4f
	- fabric-events-lifecycle-v0 0.2.75+df3654b34f
	- fabric-game-rule-api-v1 1.0.47+78d798af4f
	- fabric-gametest-api-v1 1.3.6+85d85a934f
	- fabric-item-api-v1 2.3.0+bcdd12964f
	- fabric-item-group-api-v1 4.0.27+ee30b13a4f
	- fabric-key-binding-api-v1 1.0.42+78d798af4f
	- fabric-keybindings-v0 0.2.40+df3654b34f
	- fabric-lifecycle-events-v1 2.3.1+a67ffb5d4f
	- fabric-loot-api-v2 2.1.10+78d798af4f
	- fabric-message-api-v1 6.0.6+78d798af4f
	- fabric-mining-level-api-v1 2.1.66+78d798af4f
	- fabric-model-loading-api-v1 1.0.9+78d798af4f
	- fabric-models-v0 0.4.8+9386d8a74f
	- fabric-networking-api-v1 3.1.8+2e5ac5484f
	- fabric-object-builder-api-v1 13.1.0+dba1195c4f
	- fabric-particles-v1 1.1.8+78d798af4f
	- fabric-recipe-api-v1 2.0.21+78d798af4f
	- fabric-registry-sync-v0 4.0.20+ee30b13a4f
	- fabric-renderer-api-v1 3.2.5+78d798af4f
	- fabric-renderer-indigo 1.5.5+78d798af4f
	- fabric-renderer-registries-v1 3.2.54+df3654b34f
	- fabric-rendering-data-attachment-v1 0.3.43+73761d2e4f
	- fabric-rendering-fluids-v1 3.1.2+e761c6694f
	- fabric-rendering-v0 1.1.57+df3654b34f
	- fabric-rendering-v1 3.2.1+6fd945a04f
	- fabric-resource-conditions-api-v1 2.3.15+78d798af4f
	- fabric-resource-loader-v0 0.11.21+ee30b13a4f
	- fabric-screen-api-v1 2.0.18+78d798af4f
	- fabric-screen-handler-api-v1 1.3.56+78d798af4f
	- fabric-sound-api-v1 1.0.18+78d798af4f
	- fabric-transfer-api-v1 4.0.12+90f2d7b14f
	- fabric-transitive-access-wideners-v1 5.0.15+78d798af4f
	- fabricloader 0.15.10
	- jade 13.3.1
	- java 17
	- minecraft 1.20.4
	- mixinextras 0.3.5
	- modmenu 9.1.0-beta.1
	- roughlyenoughitems 14.1.714
	- searchables 1.0.6
	- spark 1.10.58
	   \-- fabric-permissions-api-v0 0.2-SNAPSHOT
[01:06:58] [main/WARN] (FabricLoader/ModRemap) Error deleting temporary input jar true
java.nio.file.FileSystemException: B:\MyMods\Cultivation Mastery\run\.fabric\tmp\fabric-permissions-api-v04175931786653702683.jar: The process cannot access the file because it is being used by another process
	at sun.nio.fs.WindowsException.translateToIOException(WindowsException.java:92) ~[?:?]
	at sun.nio.fs.WindowsException.rethrowAsIOException(WindowsException.java:103) ~[?:?]
	at sun.nio.fs.WindowsException.rethrowAsIOException(WindowsException.java:108) ~[?:?]
	at sun.nio.fs.WindowsFileSystemProvider.implDelete(WindowsFileSystemProvider.java:275) ~[?:?]
	at sun.nio.fs.AbstractFileSystemProvider.deleteIfExists(AbstractFileSystemProvider.java:110) ~[?:?]
	at java.nio.file.Files.deleteIfExists(Files.java:1191) ~[?:?]
	at net.fabricmc.loader.impl.discovery.RuntimeModRemapper.remap(RuntimeModRemapper.java:194) ~[fabric-loader-0.15.10.jar:?]
	at net.fabricmc.loader.impl.FabricLoaderImpl.setup(FabricLoaderImpl.java:242) ~[fabric-loader-0.15.10.jar:?]
	at net.fabricmc.loader.impl.FabricLoaderImpl.load(FabricLoaderImpl.java:192) ~[fabric-loader-0.15.10.jar:?]
	at net.fabricmc.loader.impl.launch.knot.Knot.init(Knot.java:146) ~[fabric-loader-0.15.10.jar:?]
	at net.fabricmc.loader.impl.launch.knot.Knot.launch(Knot.java:68) ~[fabric-loader-0.15.10.jar:?]
	at net.fabricmc.loader.impl.launch.knot.KnotClient.main(KnotClient.java:23) ~[fabric-loader-0.15.10.jar:?]
	at net.fabricmc.devlaunchinjector.Main.main(Main.java:86) ~[?:?]
[01:06:58] [main/INFO] (FabricLoader/Mixin) SpongePowered MIXIN Subsystem Version=0.8.5 Source=file:/C:/Users/oliwo/.gradle/caches/modules-2/files-2.1/net.fabricmc/sponge-mixin/0.13.3+mixin.0.8.5/9527e6b0d2449408958fd1302594dc65ec5ade9c/sponge-mixin-0.13.3+mixin.0.8.5.jar Service=Knot/Fabric Env=CLIENT
[01:06:58] [main/INFO] (FabricLoader/Mixin) Loaded Fabric development mappings for mixin remapper!
[01:06:58] [main/INFO] (FabricLoader/Mixin) Compatibility level set to JAVA_16
[01:06:58] [main/INFO] (FabricLoader/Mixin) Compatibility level set to JAVA_17
[01:07:01] [main/INFO] (FabricLoader/MixinExtras|Service) Initializing MixinExtras via com.llamalad7.mixinextras.service.MixinExtrasServiceImpl(version=0.3.5).
[01:07:10] [Datafixer Bootstrap/INFO] (Minecraft) 198 Datafixer optimizations took 234 milliseconds
[01:07:14] [Render thread/INFO] (Minecraft) Environment: Environment[sessionHost=https://sessionserver.mojang.com, servicesHost=https://api.minecraftservices.com, name=PROD]
[01:07:14] [Render thread/INFO] (Minecraft) Setting user: Player897
[01:07:14] [Render thread/INFO] (cultivation_mastery) Registering Item Groups for cultivation_mastery
[01:07:14] [Render thread/INFO] (cultivation_mastery) Registering Mod Items for cultivation_mastery
[01:07:14] [Render thread/INFO] (cultivation_mastery) Registering Mod Blocks for cultivation_mastery
[01:07:14] [Render thread/INFO] (cultivation_mastery) Cultivation Mastery Loaded!
[01:07:15] [Download-2/ERROR] (Minecraft) Failed to fetch user properties
com.mojang.authlib.exceptions.InvalidCredentialsException: Status: 401
	at com.mojang.authlib.exceptions.MinecraftClientHttpException.toAuthenticationException(MinecraftClientHttpException.java:59) ~[authlib-6.0.52.jar:?]
	at com.mojang.authlib.yggdrasil.YggdrasilUserApiService.fetchProperties(YggdrasilUserApiService.java:150) ~[authlib-6.0.52.jar:?]
	at net.minecraft.client.MinecraftClient.method_55608(MinecraftClient.java:467) ~[minecraft-merged-f0c4456793-1.20.4-net.fabricmc.yarn.1_20_4.1.20.4+build.3-v2.jar:?]
	at java.util.concurrent.CompletableFuture$AsyncSupply.run(CompletableFuture.java:1768) ~[?:?]
	at java.util.concurrent.ThreadPoolExecutor.runWorker(ThreadPoolExecutor.java:1136) ~[?:?]
	at java.util.concurrent.ThreadPoolExecutor$Worker.run(ThreadPoolExecutor.java:635) ~[?:?]
	at java.lang.Thread.run(Thread.java:842) ~[?:?]
Caused by: com.mojang.authlib.exceptions.MinecraftClientHttpException: Status: 401
	at com.mojang.authlib.minecraft.client.MinecraftClient.readInputStream(MinecraftClient.java:100) ~[authlib-6.0.52.jar:?]
	at com.mojang.authlib.minecraft.client.MinecraftClient.get(MinecraftClient.java:57) ~[authlib-6.0.52.jar:?]
	at com.mojang.authlib.yggdrasil.YggdrasilUserApiService.fetchProperties(YggdrasilUserApiService.java:121) ~[authlib-6.0.52.jar:?]
	... 5 more
[01:07:15] [Render thread/INFO] (fabric-networking-api-v1) Force Packet Serialization is enabled to mimic remote connection on single player, this is the default behaviour on dev env. Add -Dfabric-api.networking.force-packet-serialization=false JVM arg to disable it.
[01:07:15] [Render thread/INFO] (REI) [REI] Config loaded
[01:07:15] [Render thread/INFO] (NetworkManagerImpl) Registering S2C receiver with id roughlyenoughitems:request_tags_s2c
[01:07:16] [Render thread/INFO] (NetworkManagerImpl) Registering C2S receiver with id roughlyenoughitems:request_tags_c2s
[01:07:16] [Render thread/INFO] (REI) [REI] Registered plugin provider DefaultPlugin [roughlyenoughitems] for REIPlugin
[01:07:16] [Render thread/INFO] (REI) [REI] Registered plugin provider DefaultRuntimePlugin [roughlyenoughitems] for REIPlugin
[01:07:16] [Render thread/INFO] (REI) [REI] Registered plugin provider ModREIClientPlugin [cultivation_mastery] for REIPlugin
[01:07:16] [Render thread/INFO] (REI) [REI] Registered plugin provider DefaultClientPlugin [roughlyenoughitems] for REIPlugin
[01:07:16] [Render thread/INFO] (REI) [REI] Registered plugin provider DefaultClientRuntimePlugin [roughlyenoughitems] for REIPlugin
[01:07:16] [Render thread/INFO] (REI) [REI] Registered plugin provider HideIngredientsFromTagsPlugin [roughlyenoughitems] for REIPlugin
[01:07:16] [Render thread/INFO] (REI) [REI] Registered plugin provider DefaultPlugin [roughlyenoughitems] for REIServerPlugin
[01:07:16] [Render thread/INFO] (REI) [REI] Registered plugin provider DefaultRuntimePlugin [roughlyenoughitems] for REIServerPlugin
[01:07:16] [Render thread/INFO] (REI) [REI] Registered plugin provider FabricFluidAPISupportPlugin for REIServerPlugin
[01:07:16] [Render thread/INFO] (REI) [REI] Registered plugin provider FabricFluidAPISupportPlugin for REIPlugin
[01:07:16] [Render thread/INFO] (NetworkManagerImpl) Registering C2S receiver with id roughlyenoughitems:delete_item
[01:07:16] [Render thread/INFO] (NetworkManagerImpl) Registering C2S receiver with id roughlyenoughitems:create_item
[01:07:16] [Render thread/INFO] (NetworkManagerImpl) Registering C2S receiver with id roughlyenoughitems:create_item_grab
[01:07:16] [Render thread/INFO] (NetworkManagerImpl) Registering C2S receiver with id roughlyenoughitems:create_item_hotbar
[01:07:16] [Render thread/INFO] (NetworkManagerImpl) Registering C2S receiver with id roughlyenoughitems:move_items
[01:07:16] [Render thread/INFO] (NetworkManagerImpl) Registering C2S receiver with id roughlyenoughitems:move_items_new
[01:07:16] [Worker-Main-1/INFO] (Mod Menu/Update Checker) Checking mod updates...
[01:07:16] [Render thread/INFO] (Indigo) [Indigo] Registering Indigo renderer!
[01:07:16] [Render thread/INFO] (REI) [REI] Registered plugin provider ModREIClientPlugin [cultivation_mastery] for REIClientPlugin
[01:07:16] [Render thread/INFO] (REI) [REI] Registered plugin provider DefaultClientPlugin [roughlyenoughitems] for REIClientPlugin
[01:07:16] [Render thread/INFO] (REI) [REI] Registered plugin provider DefaultClientRuntimePlugin [roughlyenoughitems] for REIClientPlugin
[01:07:16] [Render thread/INFO] (REI) [REI] Registered plugin provider HideIngredientsFromTagsPlugin [roughlyenoughitems] for REIClientPlugin
[01:07:16] [Render thread/INFO] (NetworkManagerImpl) Registering S2C receiver with id roughlyenoughitems:ci_msg
[01:07:16] [Render thread/INFO] (NetworkManagerImpl) Registering S2C receiver with id roughlyenoughitems:og_not_enough
[01:07:16] [Render thread/INFO] (NetworkManagerImpl) Registering S2C receiver with id architectury:spawn_entity_packet
[01:07:17] [Render thread/INFO] (Minecraft) Backend library: LWJGL version 3.3.2-snapshot
[01:07:19] [Render thread/INFO] (Minecraft) Reloading ResourceManager: vanilla, fabric, cloth-config, controlling, cultivation_mastery, fabric-api, fabric-api-base, fabric-api-lookup-api-v1, fabric-biome-api-v1, fabric-block-api-v1, fabric-block-view-api-v2, fabric-blockrenderlayer-v1, fabric-client-tags-api-v1, fabric-command-api-v1, fabric-command-api-v2, fabric-commands-v0, fabric-containers-v0, fabric-content-registries-v0, fabric-convention-tags-v1, fabric-crash-report-info-v1, fabric-data-attachment-api-v1, fabric-data-generation-api-v1, fabric-dimensions-v1, fabric-entity-events-v1, fabric-events-interaction-v0, fabric-events-lifecycle-v0, fabric-game-rule-api-v1, fabric-gametest-api-v1, fabric-item-api-v1, fabric-item-group-api-v1, fabric-key-binding-api-v1, fabric-keybindings-v0, fabric-lifecycle-events-v1, fabric-loot-api-v2, fabric-message-api-v1, fabric-mining-level-api-v1, fabric-model-loading-api-v1, fabric-models-v0, fabric-networking-api-v1, fabric-object-builder-api-v1, fabric-particles-v1, fabric-recipe-api-v1, fabric-registry-sync-v0, fabric-renderer-api-v1, fabric-renderer-indigo, fabric-renderer-registries-v1, fabric-rendering-data-attachment-v1, fabric-rendering-fluids-v1, fabric-rendering-v0, fabric-rendering-v1, fabric-resource-conditions-api-v1, fabric-resource-loader-v0, fabric-screen-api-v1, fabric-screen-handler-api-v1, fabric-sound-api-v1, fabric-transfer-api-v1, fabric-transitive-access-wideners-v1, fabricloader, jade, modmenu, roughlyenoughitems, searchables, spark
[01:07:19] [Render thread/INFO] (Jade) Start loading plugin from Jade
[01:07:19] [Worker-Main-3/INFO] (Minecraft) Found unifont_all_no_pua-15.1.04.hex, loading
[01:07:19] [Render thread/INFO] (Jade) Start loading plugin from Jade
[01:07:19] [Render thread/INFO] (Jade) Start loading plugin from Jade
[01:07:19] [Render thread/INFO] (Jade) Start loading plugin from Jade
[01:07:20] [Worker-Main-2/WARN] (Minecraft) Texture cultivation_mastery:item/mandala with size 39x39 limits mip level from 4 to 0
[01:07:20] [Worker-Main-2/WARN] (Minecraft) minecraft:textures/atlas/blocks.png: dropping miplevel from 4 to 0, because of minimum power of two: 1
[01:07:21] [Render thread/WARN] (Minecraft) Missing sound for event: minecraft:item.goat_horn.play
[01:07:21] [Render thread/WARN] (Minecraft) Missing sound for event: minecraft:entity.goat.screaming.horn_break
[01:07:21] [Render thread/WARN] (Minecraft) Missing sound for event: minecraft:entity.generic.wind_burst
[01:07:21] [Render thread/INFO] (Minecraft) OpenAL initialized on device OpenAL Soft on Headphones (USB Audio Device)
[01:07:21] [Render thread/INFO] (Minecraft) Sound engine started
[01:07:21] [Render thread/INFO] (Minecraft) Created: 1024x512x0 minecraft:textures/atlas/blocks.png-atlas
[01:07:21] [Render thread/INFO] (Minecraft) Created: 256x256x4 minecraft:textures/atlas/signs.png-atlas
[01:07:21] [Render thread/INFO] (Minecraft) Created: 512x512x4 minecraft:textures/atlas/shield_patterns.png-atlas
[01:07:21] [Render thread/INFO] (Minecraft) Created: 512x512x4 minecraft:textures/atlas/banner_patterns.png-atlas
[01:07:21] [Render thread/INFO] (Minecraft) Created: 1024x1024x4 minecraft:textures/atlas/armor_trims.png-atlas
[01:07:21] [Render thread/INFO] (Minecraft) Created: 128x64x4 minecraft:textures/atlas/decorated_pot.png-atlas
[01:07:21] [Render thread/INFO] (Minecraft) Created: 256x256x4 minecraft:textures/atlas/chest.png-atlas
[01:07:21] [Render thread/INFO] (Minecraft) Created: 512x256x4 minecraft:textures/atlas/shulker_boxes.png-atlas
[01:07:21] [Render thread/INFO] (Minecraft) Created: 512x256x4 minecraft:textures/atlas/beds.png-atlas
[01:07:22] [Render thread/WARN] (Minecraft) Shader rendertype_entity_translucent_emissive could not find sampler named Sampler2 in the specified shader program.
[01:07:22] [Render thread/INFO] (Minecraft) Created: 512x256x0 minecraft:textures/atlas/particles.png-atlas
[01:07:22] [Render thread/INFO] (Minecraft) Created: 256x256x0 minecraft:textures/atlas/paintings.png-atlas
[01:07:22] [Render thread/INFO] (Minecraft) Created: 128x128x0 minecraft:textures/atlas/mob_effects.png-atlas
[01:07:22] [Render thread/INFO] (Minecraft) Created: 1024x512x0 minecraft:textures/atlas/gui.png-atlas
[01:07:23] [IO-Worker-1/INFO] (Minecraft) Could not authorize you against Realms server: Invalid session id
[01:07:23] [IO-Worker-1/ERROR] (Minecraft) Couldn't connect to realms
net.minecraft.client.realms.exception.RealmsServiceException: Realms authentication error with message 'Invalid session id'
	at net.minecraft.client.realms.RealmsClient.execute(RealmsClient.java:447) ~[minecraft-merged-f0c4456793-1.20.4-net.fabricmc.yarn.1_20_4.1.20.4+build.3-v2.jar:?]
	at net.minecraft.client.realms.RealmsClient.clientCompatible(RealmsClient.java:232) ~[minecraft-merged-f0c4456793-1.20.4-net.fabricmc.yarn.1_20_4.1.20.4+build.3-v2.jar:?]
	at net.minecraft.client.realms.RealmsAvailability.method_52627(RealmsAvailability.java:45) ~[minecraft-merged-f0c4456793-1.20.4-net.fabricmc.yarn.1_20_4.1.20.4+build.3-v2.jar:?]
	at java.util.concurrent.CompletableFuture$AsyncSupply.run(CompletableFuture.java:1768) ~[?:?]
	at java.util.concurrent.ThreadPoolExecutor.runWorker(ThreadPoolExecutor.java:1136) ~[?:?]
	at java.util.concurrent.ThreadPoolExecutor$Worker.run(ThreadPoolExecutor.java:635) ~[?:?]
	at java.lang.Thread.run(Thread.java:842) ~[?:?]
[01:07:28] [Render thread/INFO] (Minecraft) Loaded 7 recipes
[01:07:29] [Render thread/INFO] (Minecraft) Loaded 1280 advancements
[01:07:30] [Render thread/INFO] (BiomeModificationImpl) Applied 0 biome modifications to 0 of 64 new biomes in 2.516 ms
[01:07:30] [Server thread/INFO] (spark) Starting background profiler...
[01:07:30] [Server thread/INFO] (spark) The async-profiler engine is not supported for your os/arch (windows10/amd64), so the built-in Java engine will be used instead.
[01:07:30] [Server thread/INFO] (Minecraft) Starting integrated minecraft server version 1.20.4
[01:07:30] [Server thread/INFO] (Minecraft) Generating keypair
[01:07:30] [Server thread/INFO] (Minecraft) Preparing start region for dimension minecraft:overworld
[01:07:33] [Render thread/INFO] (Minecraft) Preparing spawn area: 0%
[01:07:33] [Render thread/INFO] (Minecraft) Preparing spawn area: 0%
[01:07:33] [Render thread/INFO] (Minecraft) Preparing spawn area: 0%
[01:07:33] [Render thread/INFO] (Minecraft) Preparing spawn area: 0%
[01:07:33] [Render thread/INFO] (Minecraft) Preparing spawn area: 0%
[01:07:33] [Render thread/INFO] (Minecraft) Preparing spawn area: 0%
[01:07:33] [Render thread/INFO] (Minecraft) Preparing spawn area: 36%
[01:07:34] [Render thread/INFO] (Minecraft) Time elapsed: 3372 ms
[01:07:34] [Server thread/INFO] (Minecraft) Changing view distance to 12, from 10
[01:07:34] [Server thread/INFO] (Minecraft) Changing simulation distance to 12, from 0
[01:07:35] [Server thread/INFO] (Minecraft) Player897[local:E:46baf367] logged in with entity id 3 at (-1.2901007496531194, -60.0, -8.043356970523565)
[01:07:35] [Server thread/INFO] (Minecraft) Player897 joined the game
[01:07:37] [Render thread/INFO] (Jade) Received config from the server: 
[01:07:37] [REI-ReloadPlugins/INFO] (REI) [REI] ----------------------------------------
[01:07:37] [REI-ReloadPlugins/INFO] (REI) [REI] REIPlugin starting main-reload for START.
[01:07:37] [REI-ReloadPlugins/INFO] (REI) [REI] Plugins (7):
[01:07:37] [REI-ReloadPlugins/INFO] (REI) [REI]  - (-100.00) DefaultClientPlugin of DefaultClientPlugin [roughlyenoughitems]
[01:07:37] [REI-ReloadPlugins/INFO] (REI) [REI]  - (-100.00) DefaultPlugin of DefaultPlugin [roughlyenoughitems]
[01:07:37] [REI-ReloadPlugins/INFO] (REI) [REI]  - (0.00) FabricFluidAPISupportPlugin
[01:07:37] [REI-ReloadPlugins/INFO] (REI) [REI]  - (0.00) HideIngredientsFromTagsPlugin of HideIngredientsFromTagsPlugin [roughlyenoughitems]
[01:07:37] [REI-ReloadPlugins/INFO] (REI) [REI]  - (0.00) DefaultClientRuntimePlugin of DefaultClientRuntimePlugin [roughlyenoughitems]
[01:07:37] [REI-ReloadPlugins/INFO] (REI) [REI]  - (0.00) ModREIClientPlugin of ModREIClientPlugin [cultivation_mastery]
[01:07:37] [REI-ReloadPlugins/INFO] (REI) [REI]  - (0.00) DefaultRuntimePlugin of DefaultRuntimePlugin [roughlyenoughitems]
[01:07:37] [REI-ReloadPlugins/INFO] (REI) [REI] ----------------------------------------
[01:07:37] [REI-ReloadPlugins/INFO] (REI) [REI] ----------------------------------------
[01:07:37] [REI-ReloadPlugins/INFO] (REI) [REI] REIClientPlugin starting main-reload for START.
[01:07:37] [REI-ReloadPlugins/INFO] (REI) [REI] Plugins (4):
[01:07:37] [REI-ReloadPlugins/INFO] (REI) [REI]  - (-100.00) DefaultClientPlugin of DefaultClientPlugin [roughlyenoughitems]
[01:07:37] [REI-ReloadPlugins/INFO] (REI) [REI]  - (0.00) HideIngredientsFromTagsPlugin of HideIngredientsFromTagsPlugin [roughlyenoughitems]
[01:07:37] [REI-ReloadPlugins/INFO] (REI) [REI]  - (0.00) DefaultClientRuntimePlugin of DefaultClientRuntimePlugin [roughlyenoughitems]
[01:07:37] [REI-ReloadPlugins/INFO] (REI) [REI]  - (0.00) ModREIClientPlugin of ModREIClientPlugin [cultivation_mastery]
[01:07:37] [REI-ReloadPlugins/INFO] (REI) [REI] ----------------------------------------
[01:07:37] [Render thread/INFO] (Minecraft) Loaded 2 advancements
[01:07:38] [REI-ReloadPlugins/INFO] (REI) [REI] OOOOOOOOOOOOOOOOOOOOOOOOOOOOOOOOOOOOOOOO
[01:07:38] [REI-ReloadPlugins/INFO] (REI) [REI] REIServerPlugin starting main-reload for START.
[01:07:38] [REI-ReloadPlugins/INFO] (REI) [REI] Plugins (3):
[01:07:38] [REI-ReloadPlugins/INFO] (REI) [REI]  - (-100.00) DefaultPlugin of DefaultPlugin [roughlyenoughitems]
[01:07:38] [REI-ReloadPlugins/INFO] (REI) [REI]  - (0.00) FabricFluidAPISupportPlugin
[01:07:38] [REI-ReloadPlugins/INFO] (REI) [REI]  - (0.00) DefaultRuntimePlugin of DefaultRuntimePlugin [roughlyenoughitems]
[01:07:38] [REI-ReloadPlugins/INFO] (REI) [REI] OOOOOOOOOOOOOOOOOOOOOOOOOOOOOOOOOOOOOOOO
[01:07:38] [REI-ReloadPlugins/INFO] (REI) [REI] REIPlugin finished post-reload for START in 3.372 ms, totaling 116.4 ms.
[01:07:38] [REI-ReloadPlugins/INFO] (REI) [REI] REIClientPlugin finished post-reload for START in 1.476 ms, totaling 447.5 ms.
[01:07:38] [REI-ReloadPlugins/INFO] (REI) [REI] REIServerPlugin finished post-reload for START in 588.4 μs, totaling 3.718 ms.
[01:07:38] [REI-ReloadPlugins/INFO] (REI) [REI] ++++++++++++++++++++++++++++++++++++++++
[01:07:38] [REI-ReloadPlugins/INFO] (REI) [REI] REIPlugin starting main-reload for END.
[01:07:38] [REI-ReloadPlugins/INFO] (REI) [REI] Plugins (7):
[01:07:38] [REI-ReloadPlugins/INFO] (REI) [REI]  - (-100.00) DefaultClientPlugin of DefaultClientPlugin [roughlyenoughitems]
[01:07:38] [REI-ReloadPlugins/INFO] (REI) [REI]  - (-100.00) DefaultPlugin of DefaultPlugin [roughlyenoughitems]
[01:07:38] [REI-ReloadPlugins/INFO] (REI) [REI]  - (0.00) FabricFluidAPISupportPlugin
[01:07:38] [REI-ReloadPlugins/INFO] (REI) [REI]  - (0.00) HideIngredientsFromTagsPlugin of HideIngredientsFromTagsPlugin [roughlyenoughitems]
[01:07:38] [REI-ReloadPlugins/INFO] (REI) [REI]  - (0.00) DefaultClientRuntimePlugin of DefaultClientRuntimePlugin [roughlyenoughitems]
[01:07:38] [REI-ReloadPlugins/INFO] (REI) [REI]  - (0.00) ModREIClientPlugin of ModREIClientPlugin [cultivation_mastery]
[01:07:38] [REI-ReloadPlugins/INFO] (REI) [REI]  - (0.00) DefaultRuntimePlugin of DefaultRuntimePlugin [roughlyenoughitems]
[01:07:38] [REI-ReloadPlugins/INFO] (REI) [REI] ++++++++++++++++++++++++++++++++++++++++
[01:07:38] [REI-ReloadPlugins/INFO] (REI) [REI] ++++++++++++++++++++++++++++++++++++++++
[01:07:38] [REI-ReloadPlugins/INFO] (REI) [REI] REIClientPlugin starting main-reload for END.
[01:07:38] [REI-ReloadPlugins/INFO] (REI) [REI] Plugins (4):
[01:07:38] [REI-ReloadPlugins/INFO] (REI) [REI]  - (-100.00) DefaultClientPlugin of DefaultClientPlugin [roughlyenoughitems]
[01:07:38] [REI-ReloadPlugins/INFO] (REI) [REI]  - (0.00) HideIngredientsFromTagsPlugin of HideIngredientsFromTagsPlugin [roughlyenoughitems]
[01:07:38] [REI-ReloadPlugins/INFO] (REI) [REI]  - (0.00) DefaultClientRuntimePlugin of DefaultClientRuntimePlugin [roughlyenoughitems]
[01:07:38] [REI-ReloadPlugins/INFO] (REI) [REI]  - (0.00) ModREIClientPlugin of ModREIClientPlugin [cultivation_mastery]
[01:07:38] [REI-ReloadPlugins/INFO] (REI) [REI] ++++++++++++++++++++++++++++++++++++++++
[01:07:38] [Server thread/INFO] (Minecraft) Saving and pausing game...
[01:07:39] [REI-ReloadPlugins/INFO] (Minecraft) [STDERR]: java.lang.UnsupportedOperationException
[01:07:39] [REI-ReloadPlugins/INFO] (Minecraft) [STDERR]: 	at java.base/java.util.Collections$UnmodifiableCollection.removeIf(Collections.java:1096)
[01:07:39] [REI-ReloadPlugins/INFO] (Minecraft) [STDERR]: 	at java.base/java.util.Collections$SynchronizedCollection.removeIf(Collections.java:2135)
[01:07:39] [REI-ReloadPlugins/INFO] (Minecraft) [STDERR]: 	at me.shedaniel.rei.impl.client.registry.display.DisplayRegistryImpl.endReload(DisplayRegistryImpl.java:206)
[01:07:39] [REI-ReloadPlugins/INFO] (Minecraft) [STDERR]: 	at me.shedaniel.rei.api.common.registry.Reloadable.endReload(Reloadable.java:47)
[01:07:39] [REI-ReloadPlugins/INFO] (Minecraft) [STDERR]: 	at me.shedaniel.rei.impl.common.plugins.PluginManagerImpl.startReload(PluginManagerImpl.java:454)
[01:07:39] [REI-ReloadPlugins/INFO] (Minecraft) [STDERR]: 	at me.shedaniel.rei.RoughlyEnoughItemsCore._reloadPlugins(RoughlyEnoughItemsCore.java:162)
[01:07:39] [REI-ReloadPlugins/INFO] (Minecraft) [STDERR]: 	at me.shedaniel.rei.RoughlyEnoughItemsCoreClient.lambda$reloadPlugins$25(RoughlyEnoughItemsCoreClient.java:485)
[01:07:39] [REI-ReloadPlugins/INFO] (Minecraft) [STDERR]: 	at java.base/java.util.concurrent.CompletableFuture$AsyncRun.run(CompletableFuture.java:1804)
[01:07:39] [REI-ReloadPlugins/INFO] (Minecraft) [STDERR]: 	at java.base/java.util.concurrent.Executors$RunnableAdapter.call(Executors.java:539)
[01:07:39] [REI-ReloadPlugins/INFO] (Minecraft) [STDERR]: 	at java.base/java.util.concurrent.FutureTask.run(FutureTask.java:264)
[01:07:39] [REI-ReloadPlugins/INFO] (Minecraft) [STDERR]: 	at java.base/java.util.concurrent.ScheduledThreadPoolExecutor$ScheduledFutureTask.run(ScheduledThreadPoolExecutor.java:304)
[01:07:39] [REI-ReloadPlugins/INFO] (Minecraft) [STDERR]: 	at java.base/java.util.concurrent.ThreadPoolExecutor.runWorker(ThreadPoolExecutor.java:1136)
[01:07:39] [REI-ReloadPlugins/INFO] (Minecraft) [STDERR]: 	at java.base/java.util.concurrent.ThreadPoolExecutor$Worker.run(ThreadPoolExecutor.java:635)
[01:07:39] [REI-ReloadPlugins/INFO] (Minecraft) [STDERR]: 	at java.base/java.lang.Thread.run(Thread.java:842)
[01:07:39] [REI-ReloadPlugins/INFO] (REI) [REI] @@@@@@@@@@@@@@@@@@@@@@@@@@@@@@@@@@@@@@@@
[01:07:39] [REI-ReloadPlugins/INFO] (REI) [REI] REIServerPlugin starting main-reload for END.
[01:07:39] [REI-ReloadPlugins/INFO] (REI) [REI] Plugins (3):
[01:07:39] [REI-ReloadPlugins/INFO] (REI) [REI]  - (-100.00) DefaultPlugin of DefaultPlugin [roughlyenoughitems]
[01:07:39] [REI-ReloadPlugins/INFO] (REI) [REI]  - (0.00) FabricFluidAPISupportPlugin
[01:07:39] [REI-ReloadPlugins/INFO] (REI) [REI]  - (0.00) DefaultRuntimePlugin of DefaultRuntimePlugin [roughlyenoughitems]
[01:07:39] [REI-ReloadPlugins/INFO] (REI) [REI] @@@@@@@@@@@@@@@@@@@@@@@@@@@@@@@@@@@@@@@@
[01:07:39] [REI-ReloadPlugins/INFO] (REI) [REI] REIPlugin finished post-reload for END in 1.109 ms, totaling 106.3 ms.
[01:07:39] [REI-ReloadPlugins/INFO] (REI) [REI] REIClientPlugin finished post-reload for END in 1.513 ms, totaling 1.005 s.
[01:07:39] [REI-ReloadPlugins/INFO] (REI) [REI] REIServerPlugin finished post-reload for END in 506.3 μs, totaling 44.43 ms.
[01:07:39] [Server thread/INFO] (Minecraft) Saving chunks for level 'ServerLevel[New World]'/minecraft:overworld
[01:07:40] [Server thread/INFO] (Minecraft) Saving chunks for level 'ServerLevel[New World]'/minecraft:the_nether
[01:07:40] [Server thread/INFO] (Minecraft) Saving chunks for level 'ServerLevel[New World]'/minecraft:the_end
[01:07:43] [Server thread/INFO] (Minecraft) Saving and pausing game...
[01:07:43] [Server thread/INFO] (Minecraft) Saving chunks for level 'ServerLevel[New World]'/minecraft:overworld
[01:07:43] [Server thread/INFO] (Minecraft) Saving chunks for level 'ServerLevel[New World]'/minecraft:the_nether
[01:07:43] [Server thread/INFO] (Minecraft) Saving chunks for level 'ServerLevel[New World]'/minecraft:the_end
[01:07:45] [Server thread/INFO] (Minecraft) Saving and pausing game...
[01:07:45] [Server thread/INFO] (Minecraft) Saving chunks for level 'ServerLevel[New World]'/minecraft:overworld
[01:07:45] [Server thread/INFO] (Minecraft) Saving chunks for level 'ServerLevel[New World]'/minecraft:the_nether
[01:07:45] [Server thread/INFO] (Minecraft) Saving chunks for level 'ServerLevel[New World]'/minecraft:the_end
[01:07:46] [Render thread/WARN] (Mod Menu | FabricMod) Warning! Mod error_notifier has a broken icon, loading default icon
[01:07:46] [Render thread/WARN] (Mod Menu | FabricMod) Warning! Mod fabric-permissions-api-v0 has a broken icon, loading default icon
[01:10:21] [Server thread/INFO] (Minecraft) Saving and pausing game...
[01:10:21] [Server thread/INFO] (Minecraft) Saving chunks for level 'ServerLevel[New World]'/minecraft:overworld
[01:10:21] [Server thread/INFO] (Minecraft) Saving chunks for level 'ServerLevel[New World]'/minecraft:the_nether
[01:10:21] [Server thread/INFO] (Minecraft) Saving chunks for level 'ServerLevel[New World]'/minecraft:the_end
[01:10:30] [Server thread/INFO] (Minecraft) Saving and pausing game...
[01:10:30] [Server thread/INFO] (Minecraft) Saving chunks for level 'ServerLevel[New World]'/minecraft:overworld
[01:10:30] [Server thread/INFO] (Minecraft) Saving chunks for level 'ServerLevel[New World]'/minecraft:the_nether
[01:10:30] [Server thread/INFO] (Minecraft) Saving chunks for level 'ServerLevel[New World]'/minecraft:the_end
[01:10:30] [Server thread/INFO] (Minecraft) Player897 lost connection: Disconnected
[01:10:30] [Server thread/INFO] (Minecraft) Player897 left the game
[01:10:30] [Server thread/INFO] (Minecraft) Stopping singleplayer server as player logged out
[01:10:30] [spark-java-sampler-0-5/INFO] (Minecraft) [STDERR]: java.util.concurrent.RejectedExecutionException: Server already shutting down
[01:10:30] [spark-java-sampler-0-5/INFO] (Minecraft) [STDERR]: 	at net.minecraft.server.MinecraftServer.executeSync(MinecraftServer.java:1332)
[01:10:30] [spark-java-sampler-0-5/INFO] (Minecraft) [STDERR]: 	at me.lucko.spark.fabric.plugin.FabricServerSparkPlugin.executeSync(FabricServerSparkPlugin.java:146)
[01:10:30] [spark-java-sampler-0-5/INFO] (Minecraft) [STDERR]: 	at java.base/java.util.concurrent.CompletableFuture.asyncSupplyStage(CompletableFuture.java:1782)
[01:10:30] [spark-java-sampler-0-5/INFO] (Minecraft) [STDERR]: 	at java.base/java.util.concurrent.CompletableFuture.supplyAsync(CompletableFuture.java:2005)
[01:10:30] [spark-java-sampler-0-5/INFO] (Minecraft) [STDERR]: 	at me.lucko.spark.common.platform.world.AsyncWorldInfoProvider.async(AsyncWorldInfoProvider.java:54)
[01:10:30] [spark-java-sampler-0-5/INFO] (Minecraft) [STDERR]: 	at me.lucko.spark.common.platform.world.AsyncWorldInfoProvider.pollCounts(AsyncWorldInfoProvider.java:76)
[01:10:30] [spark-java-sampler-0-5/INFO] (Minecraft) [STDERR]: 	at me.lucko.spark.common.platform.world.AsyncWorldInfoProvider.getCounts(AsyncWorldInfoProvider.java:84)
[01:10:30] [spark-java-sampler-0-5/INFO] (Minecraft) [STDERR]: 	at me.lucko.spark.common.sampler.window.WindowStatisticsCollector.measure(WindowStatisticsCollector.java:185)
[01:10:30] [spark-java-sampler-0-5/INFO] (Minecraft) [STDERR]: 	at java.base/java.util.concurrent.ConcurrentHashMap.computeIfAbsent(ConcurrentHashMap.java:1708)
[01:10:30] [spark-java-sampler-0-5/INFO] (Minecraft) [STDERR]: 	at me.lucko.spark.common.sampler.window.WindowStatisticsCollector.measureNow(WindowStatisticsCollector.java:123)
[01:10:30] [spark-java-sampler-0-5/INFO] (Minecraft) [STDERR]: 	at me.lucko.spark.common.sampler.java.JavaSampler.stop(JavaSampler.java:115)
[01:10:30] [spark-java-sampler-0-5/INFO] (Minecraft) [STDERR]: 	at me.lucko.spark.common.sampler.java.JavaSampler.run(JavaSampler.java:138)
[01:10:30] [spark-java-sampler-0-5/INFO] (Minecraft) [STDERR]: 	at java.base/java.util.concurrent.Executors$RunnableAdapter.call(Executors.java:539)
[01:10:30] [spark-java-sampler-0-5/INFO] (Minecraft) [STDERR]: 	at java.base/java.util.concurrent.FutureTask.runAndReset(FutureTask.java:305)
[01:10:30] [spark-java-sampler-0-5/INFO] (Minecraft) [STDERR]: 	at java.base/java.util.concurrent.ScheduledThreadPoolExecutor$ScheduledFutureTask.run(ScheduledThreadPoolExecutor.java:305)
[01:10:30] [spark-java-sampler-0-5/INFO] (Minecraft) [STDERR]: 	at java.base/java.util.concurrent.ThreadPoolExecutor.runWorker(ThreadPoolExecutor.java:1136)
[01:10:30] [spark-java-sampler-0-5/INFO] (Minecraft) [STDERR]: 	at java.base/java.util.concurrent.ThreadPoolExecutor$Worker.run(ThreadPoolExecutor.java:635)
[01:10:30] [spark-java-sampler-0-5/INFO] (Minecraft) [STDERR]: 	at java.base/java.lang.Thread.run(Thread.java:842)
[01:10:30] [Server thread/INFO] (Minecraft) Stopping server
[01:10:30] [Server thread/INFO] (Minecraft) Saving players
[01:10:30] [Server thread/INFO] (Minecraft) Saving worlds
[01:10:31] [Server thread/INFO] (Minecraft) Saving chunks for level 'ServerLevel[New World]'/minecraft:overworld
[01:10:41] [Server thread/INFO] (Minecraft) Saving chunks for level 'ServerLevel[New World]'/minecraft:the_nether
[01:10:41] [Server thread/INFO] (Minecraft) Saving chunks for level 'ServerLevel[New World]'/minecraft:the_end
[01:10:41] [Server thread/INFO] (Minecraft) ThreadedAnvilChunkStorage (New World): All chunks are saved
[01:10:41] [Server thread/INFO] (Minecraft) ThreadedAnvilChunkStorage (DIM-1): All chunks are saved
[01:10:41] [Server thread/INFO] (Minecraft) ThreadedAnvilChunkStorage (DIM1): All chunks are saved
[01:10:41] [Server thread/INFO] (Minecraft) ThreadedAnvilChunkStorage: All dimensions are saved
[01:10:42] [Render thread/INFO] (Minecraft) Stopping!
